<?xml version="1.0" encoding="UTF-8"?>
<!-- Generated by org.testng.reporters.JUnitXMLReporter -->
<testsuite ignored="3" hostname="IjasBincy" failures="0" tests="2" name="Test" time="0.063" errors="0" timestamp="2024-06-19T19:50:50 IST">
  <testcase classname="AmazonTest.NewTestCases" name="tc04" time="0.009"/>
  <testcase classname="AmazonTest.NewTestCases" name="tc05" time="0.001"/>
  <testcase classname="AmazonTest.NewTestCases" name="tc03" time="0.0">
    <ignored/>
  </testcase> <!-- tc03 -->
  <testcase classname="AmazonTest.NewTestCases" name="tc02" time="0.0">
    <ignored/>
  </testcase> <!-- tc02 -->
  <testcase classname="AmazonTest.NewTestCases" name="tc01" time="0.0">
    <ignored/>
  </testcase> <!-- tc01 -->
</testsuite> <!-- Test -->
