<?xml version="1.0" encoding="UTF-8"?>
<testng-results ignored="0" total="2" passed="2" failed="0" skipped="0">
  <reporter-output>
  </reporter-output>
  <suite started-at="2024-06-19T19:50:50 IST" name="Suite" finished-at="2024-06-19T19:50:50 IST" duration-ms="63">
    <groups>
      <group name="Smoke Test">
        <method signature="NewTestCases.tc04()[pri:0, instance:AmazonTest.NewTestCases@409bf450]" name="tc04" class="AmazonTest.NewTestCases"/>
        <method signature="NewTestCases.tc05()[pri:0, instance:AmazonTest.NewTestCases@409bf450]" name="tc05" class="AmazonTest.NewTestCases"/>
      </group> <!-- Smoke Test -->
    </groups>
    <test started-at="2024-06-19T19:50:50 IST" name="Test" finished-at="2024-06-19T19:50:50 IST" duration-ms="63">
      <class name="AmazonTest.NewTestCases">
        <test-method signature="tc04()[pri:0, instance:AmazonTest.NewTestCases@409bf450]" started-at="2024-06-19T19:50:50 IST" name="tc04" finished-at="2024-06-19T19:50:50 IST" duration-ms="9" status="PASS">
          <reporter-output>
          </reporter-output>
        </test-method> <!-- tc04 -->
        <test-method signature="tc05()[pri:0, instance:AmazonTest.NewTestCases@409bf450]" started-at="2024-06-19T19:50:50 IST" name="tc05" finished-at="2024-06-19T19:50:50 IST" duration-ms="1" status="PASS">
          <reporter-output>
          </reporter-output>
        </test-method> <!-- tc05 -->
      </class> <!-- AmazonTest.NewTestCases -->
    </test> <!-- Test -->
  </suite> <!-- Suite -->
</testng-results>
